<?xml version="1.0" encoding="UTF-8"?>
<!-- Generated by org.testng.reporters.JUnitReportReporter -->
<testsuite hostname="DESKTOP-6SCDH8C" failures="0" tests="2" name="SeleniumWebDriverConcept.TestNGEx" time="5.178" errors="0" timestamp="2022-11-11T21:52:35 PST" skipped="0">
  <testcase classname="SeleniumWebDriverConcept.TestNGEx" name="case1" time="1.002"/>
  <system-out/>
  <testcase classname="SeleniumWebDriverConcept.TestNGEx" name="case2" time="4.176"/>
  <system-out/>
</testsuite> <!-- SeleniumWebDriverConcept.TestNGEx -->
